<?xml version="1.0" encoding="UTF-8"?>
<robot generator="Robot 5.0.1 (Python 3.10.5 on darwin)" generated="20220731 21:40:10.755" rpa="false" schemaversion="3">
<suite id="s1" name="Test Case 4" source="/Users/sefikkesim/Desktop/UI_Testing_Robot_framework/test_cases/test_case_4/test_case_4.robot">
<test id="s1-t1" name="Logout User" line="17">
<kw name="Run Keywords" library="BuiltIn" type="SETUP">
<arg>Navigate The Website And Verify Home Page is Visible</arg>
<doc>Executes all the given keywords in a sequence.</doc>
<kw name="Navigate The Website And Verify Home Page is Visible" library="global_keywords">
<kw name="Open Browser" library="Selenium2Library">
<arg>${base_url}</arg>
<arg>${browser}</arg>
<doc>Opens a new browser instance to the optional ``url``.</doc>
<msg timestamp="20220731 21:40:10.836" level="INFO">Opening browser 'chrome' to base url 'https://automationexercise.com/'.</msg>
<status status="PASS" starttime="20220731 21:40:10.835" endtime="20220731 21:40:20.542"/>
</kw>
<kw name="Get Location" library="Selenium2Library">
<var>${url}</var>
<doc>Returns the current browser window URL.</doc>
<msg timestamp="20220731 21:40:20.574" level="INFO">${url} = https://automationexercise.com/</msg>
<status status="PASS" starttime="20220731 21:40:20.542" endtime="20220731 21:40:20.574"/>
</kw>
<kw name="Should Be Equal" library="BuiltIn">
<arg>${base_url}</arg>
<arg>${url}</arg>
<doc>Fails if the given objects are unequal.</doc>
<status status="PASS" starttime="20220731 21:40:20.574" endtime="20220731 21:40:20.575"/>
</kw>
<status status="PASS" starttime="20220731 21:40:10.835" endtime="20220731 21:40:20.575"/>
</kw>
<status status="PASS" starttime="20220731 21:40:10.835" endtime="20220731 21:40:20.575"/>
</kw>
<kw name="Login With Valid User Email, Password And Verify That User is Logged In" library="global_keywords">
<kw name="Click Element" library="Selenium2Library">
<arg>${login_link}</arg>
<doc>Click the element identified by ``locator``.</doc>
<msg timestamp="20220731 21:40:20.575" level="INFO">Clicking element 'xpath = //a[@href = '/login']'.</msg>
<status status="PASS" starttime="20220731 21:40:20.575" endtime="20220731 21:40:23.489"/>
</kw>
<kw name="Element Should Be Visible" library="Selenium2Library">
<arg>${login_to_your_account_text}</arg>
<doc>Verifies that the element identified by ``locator`` is visible.</doc>
<msg timestamp="20220731 21:40:23.519" level="INFO">Element 'xpath = //*[contains (text(),'Login to your account')]' is displayed.</msg>
<status status="PASS" starttime="20220731 21:40:23.489" endtime="20220731 21:40:23.519"/>
</kw>
<kw name="Input Text" library="Selenium2Library">
<arg>${login_email}</arg>
<arg>${email}</arg>
<doc>Types the given ``text`` into the text field identified by ``locator``.</doc>
<msg timestamp="20220731 21:40:23.520" level="INFO">Typing text 'jhon5@gmail.com' into text field 'xpath = //input[@data-qa = 'login-email']'.</msg>
<status status="PASS" starttime="20220731 21:40:23.520" endtime="20220731 21:40:23.815"/>
</kw>
<kw name="Input Password" library="Selenium2Library">
<arg>${login_password}</arg>
<arg>${pass}</arg>
<doc>Types the given password into the text field identified by ``locator``.</doc>
<msg timestamp="20220731 21:40:23.816" level="INFO">Typing password into text field 'xpath = //input[@data-qa = 'login-password']'.</msg>
<msg timestamp="20220731 21:40:23.848" level="INFO">Temporally setting log level to: NONE</msg>
<msg timestamp="20220731 21:40:24.003" level="INFO">Log level changed from NONE to INFO.</msg>
<status status="PASS" starttime="20220731 21:40:23.815" endtime="20220731 21:40:24.003"/>
</kw>
<kw name="Click Button" library="Selenium2Library">
<arg>${login_button}</arg>
<doc>Clicks the button identified by ``locator``.</doc>
<msg timestamp="20220731 21:40:24.003" level="INFO">Clicking button 'xpath = //button[@data-qa = 'login-button']'.</msg>
<status status="PASS" starttime="20220731 21:40:24.003" endtime="20220731 21:40:28.390"/>
</kw>
<kw name="Element Should Be Visible" library="Selenium2Library">
<arg>${logged_with_username_text}</arg>
<doc>Verifies that the element identified by ``locator`` is visible.</doc>
<msg timestamp="20220731 21:40:29.593" level="INFO">Element 'xpath = //*[contains(text(),'Logged in as')]' is displayed.</msg>
<status status="PASS" starttime="20220731 21:40:28.390" endtime="20220731 21:40:29.594"/>
</kw>
<status status="PASS" starttime="20220731 21:40:20.575" endtime="20220731 21:40:29.594"/>
</kw>
<kw name="Click Element" library="Selenium2Library">
<arg>${logout_link}</arg>
<doc>Click the element identified by ``locator``.</doc>
<msg timestamp="20220731 21:40:29.594" level="INFO">Clicking element 'xpath = //a[@href = '/logout']'.</msg>
<status status="PASS" starttime="20220731 21:40:29.594" endtime="20220731 21:40:31.505"/>
</kw>
<kw name="Get Location" library="Selenium2Library">
<var>${login_page}</var>
<doc>Returns the current browser window URL.</doc>
<msg timestamp="20220731 21:40:31.508" level="INFO">${login_page} = https://automationexercise.com/login</msg>
<status status="PASS" starttime="20220731 21:40:31.506" endtime="20220731 21:40:31.508"/>
</kw>
<kw name="Should Contain" library="BuiltIn">
<arg>${login_page}</arg>
<arg>login</arg>
<doc>Fails if ``container`` does not contain ``item`` one or more times.</doc>
<status status="PASS" starttime="20220731 21:40:31.508" endtime="20220731 21:40:31.508"/>
</kw>
<kw name="Close Browser" library="Selenium2Library" type="TEARDOWN">
<doc>Closes the current browser.</doc>
<status status="PASS" starttime="20220731 21:40:31.508" endtime="20220731 21:40:31.591"/>
</kw>
<status status="PASS" starttime="20220731 21:40:10.835" endtime="20220731 21:40:31.591"/>
</test>
<status status="PASS" starttime="20220731 21:40:10.756" endtime="20220731 21:40:31.592"/>
</suite>
<statistics>
<total>
<stat pass="1" fail="0" skip="0">All Tests</stat>
</total>
<tag>
</tag>
<suite>
<stat pass="1" fail="0" skip="0" id="s1" name="Test Case 4">Test Case 4</stat>
</suite>
</statistics>
<errors>
<msg timestamp="20220731 21:40:10.834" level="ERROR">Error in file '/Users/sefikkesim/Desktop/UI_Testing_Robot_framework/test_cases/test_case_4/test_case_4.robot' on line 11: Resource file 'keywords.robot' does not exist.</msg>
</errors>
</robot>
