<?xml version="1.0" encoding="UTF-8"?>
<robot generator="Robot 5.0.1 (Python 3.10.5 on darwin)" generated="20220730 15:47:18.912" rpa="false" schemaversion="3">
<suite id="s1" name="Test Case1" source="/Users/sefikkesim/Desktop/UI_Testing_Robot_framework/test_cases/test_case1.robot">
<test id="s1-t1" name="Reagister User" line="8">
<kw name="Open Browser" library="SeleniumLibrary">
<arg>${base_url}</arg>
<arg>${browser}</arg>
<doc>Opens a new browser instance to the optional ``url``.</doc>
<msg timestamp="20220730 15:47:18.992" level="INFO">Opening browser 'chrome' to base url 'https://automationexercise.com/'.</msg>
<status status="PASS" starttime="20220730 15:47:18.992" endtime="20220730 15:47:26.701"/>
</kw>
<kw name="Get Location" library="SeleniumLibrary">
<var>${url}</var>
<doc>Returns the current browser window URL.</doc>
<msg timestamp="20220730 15:47:27.155" level="INFO">${url} = https://automationexercise.com/</msg>
<status status="PASS" starttime="20220730 15:47:26.702" endtime="20220730 15:47:27.155"/>
</kw>
<kw name="Should Be Equal" library="BuiltIn">
<arg>${base_url}</arg>
<arg>${url}</arg>
<doc>Fails if the given objects are unequal.</doc>
<status status="PASS" starttime="20220730 15:47:27.155" endtime="20220730 15:47:27.156"/>
</kw>
<status status="PASS" starttime="20220730 15:47:18.992" endtime="20220730 15:47:27.156"/>
</test>
<status status="PASS" starttime="20220730 15:47:18.913" endtime="20220730 15:47:27.156"/>
</suite>
<statistics>
<total>
<stat pass="1" fail="0" skip="0">All Tests</stat>
</total>
<tag>
</tag>
<suite>
<stat pass="1" fail="0" skip="0" id="s1" name="Test Case1">Test Case1</stat>
</suite>
</statistics>
<errors>
</errors>
</robot>
