<?xml version="1.0" encoding="UTF-8"?>
<robot generator="Robot 5.0.1 (Python 3.10.5 on darwin)" generated="20220731 09:01:41.699" rpa="false" schemaversion="3">
<suite id="s1" name="UI Testing Robot framework" source="/Users/sefikkesim/Desktop/UI_Testing_Robot_framework">
<suite id="s1-s1" name="Test Cases" source="/Users/sefikkesim/Desktop/UI_Testing_Robot_framework/test_cases">
<suite id="s1-s1-s1" name="Test Case 1" source="/Users/sefikkesim/Desktop/UI_Testing_Robot_framework/test_cases/test_case_1">
<suite id="s1-s1-s1-s1" name="Test Case1" source="/Users/sefikkesim/Desktop/UI_Testing_Robot_framework/test_cases/test_case_1/test_case1.robot">
<kw name="Run Keywords" library="BuiltIn" type="SETUP">
<arg>Navigate The Website And Verify Home Page is Visible</arg>
<doc>Executes all the given keywords in a sequence.</doc>
<kw name="Navigate The Website And Verify Home Page is Visible" library="keywords">
<kw name="Open Browser" library="Selenium2Library">
<arg>${base_url}</arg>
<arg>${browser}</arg>
<doc>Opens a new browser instance to the optional ``url``.</doc>
<msg timestamp="20220731 09:01:41.792" level="INFO">Opening browser 'chrome' to base url 'https://automationexercise.com/'.</msg>
<status status="PASS" starttime="20220731 09:01:41.785" endtime="20220731 09:01:47.679"/>
</kw>
<kw name="Get Location" library="Selenium2Library">
<var>${url}</var>
<doc>Returns the current browser window URL.</doc>
<msg timestamp="20220731 09:01:47.702" level="INFO">${url} = https://automationexercise.com/</msg>
<status status="PASS" starttime="20220731 09:01:47.679" endtime="20220731 09:01:47.704"/>
</kw>
<kw name="Should Be Equal" library="BuiltIn">
<arg>${base_url}</arg>
<arg>${url}</arg>
<doc>Fails if the given objects are unequal.</doc>
<status status="PASS" starttime="20220731 09:01:47.704" endtime="20220731 09:01:47.705"/>
</kw>
<status status="PASS" starttime="20220731 09:01:41.785" endtime="20220731 09:01:47.705"/>
</kw>
<status status="PASS" starttime="20220731 09:01:41.785" endtime="20220731 09:01:47.705"/>
</kw>
<test id="s1-s1-s1-s1-t1" name="Reagister User" line="15">
<kw name="Input User Information And Click Signup Button" library="keywords">
<kw name="Click Element" library="Selenium2Library">
<arg>${login_link}</arg>
<doc>Click the element identified by ``locator``.</doc>
<msg timestamp="20220731 09:01:47.707" level="INFO">Clicking element 'xpath = //a[@href = '/login']'.</msg>
<status status="PASS" starttime="20220731 09:01:47.707" endtime="20220731 09:01:50.636"/>
</kw>
<kw name="Input Text" library="Selenium2Library">
<arg>${signup_name}</arg>
<arg>${f_name}</arg>
<doc>Types the given ``text`` into the text field identified by ``locator``.</doc>
<msg timestamp="20220731 09:01:50.636" level="INFO">Typing text 'Jhon' into text field 'xpath = //input [@name = 'name']'.</msg>
<status status="PASS" starttime="20220731 09:01:50.636" endtime="20220731 09:01:50.950"/>
</kw>
<kw name="Input Text" library="Selenium2Library">
<arg>${signup_email}</arg>
<arg>${email}</arg>
<doc>Types the given ``text`` into the text field identified by ``locator``.</doc>
<msg timestamp="20220731 09:01:50.950" level="INFO">Typing text 'jhon5@gmail.com' into text field 'xpath = //input [@data-qa = 'signup-email']'.</msg>
<status status="PASS" starttime="20220731 09:01:50.950" endtime="20220731 09:01:51.033"/>
</kw>
<kw name="Click Button" library="Selenium2Library">
<arg>${signup_btn}</arg>
<doc>Clicks the button identified by ``locator``.</doc>
<msg timestamp="20220731 09:01:51.034" level="INFO">Clicking button 'xpath = //button[@data-qa = 'signup-button']'.</msg>
<status status="PASS" starttime="20220731 09:01:51.034" endtime="20220731 09:01:57.113"/>
</kw>
<status status="PASS" starttime="20220731 09:01:47.707" endtime="20220731 09:01:57.113"/>
</kw>
<kw name="Fill Out Register Form And Create A New Account" library="keywords">
<kw name="Element Should Be Visible" library="Selenium2Library">
<arg>${enter_account_information_text}</arg>
<doc>Verifies that the element identified by ``locator`` is visible.</doc>
<msg timestamp="20220731 09:01:57.233" level="INFO">Element 'xpath = //*[contains(text(),'Enter Account Information')]' is displayed.</msg>
<status status="PASS" starttime="20220731 09:01:57.114" endtime="20220731 09:01:57.234"/>
</kw>
<kw name="Select Radio Button" library="Selenium2Library">
<arg>title</arg>
<arg>Mr</arg>
<doc>Sets the radio button group ``group_name`` to ``value``.</doc>
<msg timestamp="20220731 09:01:57.235" level="INFO">Selecting 'Mr' from radio button 'title'.</msg>
<status status="PASS" starttime="20220731 09:01:57.235" endtime="20220731 09:01:58.955"/>
</kw>
<kw name="Input Password" library="Selenium2Library">
<arg>${password}</arg>
<arg>${pass}</arg>
<doc>Types the given password into the text field identified by ``locator``.</doc>
<msg timestamp="20220731 09:01:58.956" level="INFO">Typing password into text field 'xpath = //input[@id = 'password']'.</msg>
<msg timestamp="20220731 09:01:59.031" level="INFO">Temporally setting log level to: NONE</msg>
<msg timestamp="20220731 09:01:59.231" level="INFO">Log level changed from NONE to INFO.</msg>
<status status="PASS" starttime="20220731 09:01:58.956" endtime="20220731 09:01:59.232"/>
</kw>
<kw name="Select From List By Value" library="Selenium2Library">
<arg>${days}</arg>
<arg>12</arg>
<doc>Selects options from selection list ``locator`` by ``values``.</doc>
<msg timestamp="20220731 09:01:59.233" level="INFO">Selecting options from selection list 'xpath = //select[@id = 'days']' by value 12.</msg>
<status status="PASS" starttime="20220731 09:01:59.233" endtime="20220731 09:01:59.321"/>
</kw>
<kw name="Select From List By Value" library="Selenium2Library">
<arg>${months}</arg>
<arg>12</arg>
<doc>Selects options from selection list ``locator`` by ``values``.</doc>
<msg timestamp="20220731 09:01:59.321" level="INFO">Selecting options from selection list 'xpath = //select[@id = 'months']' by value 12.</msg>
<status status="PASS" starttime="20220731 09:01:59.321" endtime="20220731 09:01:59.371"/>
</kw>
<kw name="Select From List By Value" library="Selenium2Library">
<arg>${years}</arg>
<arg>1980</arg>
<doc>Selects options from selection list ``locator`` by ``values``.</doc>
<msg timestamp="20220731 09:01:59.372" level="INFO">Selecting options from selection list 'xpath = //select[@id = 'years']' by value 1980.</msg>
<status status="PASS" starttime="20220731 09:01:59.371" endtime="20220731 09:01:59.414"/>
</kw>
<kw name="Select Checkbox" library="Selenium2Library">
<arg>${news_letter_checkbox}</arg>
<doc>Selects the checkbox identified by ``locator``.</doc>
<msg timestamp="20220731 09:01:59.414" level="INFO">Selecting checkbox 'xpath = //input[@id = 'newsletter']'.</msg>
<status status="PASS" starttime="20220731 09:01:59.414" endtime="20220731 09:01:59.463"/>
</kw>
<kw name="Select Checkbox" library="Selenium2Library">
<arg>${special_offer_checkbox}</arg>
<doc>Selects the checkbox identified by ``locator``.</doc>
<msg timestamp="20220731 09:01:59.464" level="INFO">Selecting checkbox 'xpath = //input[@id = 'optin']'.</msg>
<status status="PASS" starttime="20220731 09:01:59.463" endtime="20220731 09:01:59.511"/>
</kw>
<kw name="Input Text" library="Selenium2Library">
<arg>${first_name}</arg>
<arg>${f_name}</arg>
<doc>Types the given ``text`` into the text field identified by ``locator``.</doc>
<msg timestamp="20220731 09:01:59.512" level="INFO">Typing text 'Jhon' into text field 'xpath = //input[@id = 'first_name']'.</msg>
<status status="PASS" starttime="20220731 09:01:59.511" endtime="20220731 09:01:59.560"/>
</kw>
<kw name="Input Text" library="Selenium2Library">
<arg>${last_name}</arg>
<arg>${l_name}</arg>
<doc>Types the given ``text`` into the text field identified by ``locator``.</doc>
<msg timestamp="20220731 09:01:59.560" level="INFO">Typing text 'Smith' into text field 'xpath = //input[@id = 'last_name']'.</msg>
<status status="PASS" starttime="20220731 09:01:59.560" endtime="20220731 09:01:59.697"/>
</kw>
<kw name="Input Text" library="Selenium2Library">
<arg>${company}</arg>
<arg>${company_name}</arg>
<doc>Types the given ``text`` into the text field identified by ``locator``.</doc>
<msg timestamp="20220731 09:01:59.697" level="INFO">Typing text 'QA Technologies' into text field 'xpath = //input[@id = 'company']'.</msg>
<status status="PASS" starttime="20220731 09:01:59.697" endtime="20220731 09:01:59.754"/>
</kw>
<kw name="Input Text" library="Selenium2Library">
<arg>${address1}</arg>
<arg>${address1_street}</arg>
<doc>Types the given ``text`` into the text field identified by ``locator``.</doc>
<msg timestamp="20220731 09:01:59.754" level="INFO">Typing text 'Blue way street' into text field 'xpath = //input[@id = 'address1']'.</msg>
<status status="PASS" starttime="20220731 09:01:59.754" endtime="20220731 09:01:59.868"/>
</kw>
<kw name="Input Text" library="Selenium2Library">
<arg>${address2}</arg>
<arg>${address2_building}</arg>
<doc>Types the given ``text`` into the text field identified by ``locator``.</doc>
<msg timestamp="20220731 09:01:59.868" level="INFO">Typing text 'No : 11' into text field 'xpath = //input[@id = 'address2']'.</msg>
<status status="PASS" starttime="20220731 09:01:59.868" endtime="20220731 09:01:59.927"/>
</kw>
<kw name="Select From List By Value" library="Selenium2Library">
<arg>${country}</arg>
<arg>${country_name}</arg>
<doc>Selects options from selection list ``locator`` by ``values``.</doc>
<msg timestamp="20220731 09:01:59.928" level="INFO">Selecting options from selection list 'xpath = //select[@id = 'country']' by value Canada.</msg>
<status status="PASS" starttime="20220731 09:01:59.928" endtime="20220731 09:01:59.973"/>
</kw>
<kw name="Input Text" library="Selenium2Library">
<arg>${state}</arg>
<arg>${state_name}</arg>
<doc>Types the given ``text`` into the text field identified by ``locator``.</doc>
<msg timestamp="20220731 09:01:59.973" level="INFO">Typing text 'Texas' into text field 'xpath = //input[@id = 'state']'.</msg>
<status status="PASS" starttime="20220731 09:01:59.973" endtime="20220731 09:02:00.025"/>
</kw>
<kw name="Input Text" library="Selenium2Library">
<arg>${city}</arg>
<arg>${city_name}</arg>
<doc>Types the given ``text`` into the text field identified by ``locator``.</doc>
<msg timestamp="20220731 09:02:00.025" level="INFO">Typing text 'Texas city' into text field 'xpath = //input[@id = 'city']'.</msg>
<status status="PASS" starttime="20220731 09:02:00.025" endtime="20220731 09:02:00.077"/>
</kw>
<kw name="Input Text" library="Selenium2Library">
<arg>${zipcode}</arg>
<arg>${zipcode_number}</arg>
<doc>Types the given ``text`` into the text field identified by ``locator``.</doc>
<msg timestamp="20220731 09:02:00.077" level="INFO">Typing text '22222' into text field 'xpath = //input[@id = 'zipcode']'.</msg>
<status status="PASS" starttime="20220731 09:02:00.077" endtime="20220731 09:02:00.134"/>
</kw>
<kw name="Input Text" library="Selenium2Library">
<arg>${mobile_number}</arg>
<arg>${mobile_number_number}</arg>
<doc>Types the given ``text`` into the text field identified by ``locator``.</doc>
<msg timestamp="20220731 09:02:00.134" level="INFO">Typing text '123456789' into text field 'xpath = //input[@id = 'mobile_number']'.</msg>
<status status="PASS" starttime="20220731 09:02:00.134" endtime="20220731 09:02:00.200"/>
</kw>
<kw name="Click Button" library="Selenium2Library">
<arg>${create_account_button}</arg>
<doc>Clicks the button identified by ``locator``.</doc>
<msg timestamp="20220731 09:02:00.200" level="INFO">Clicking button 'xpath = //button[@data-qa = 'create-account']'.</msg>
<status status="PASS" starttime="20220731 09:02:00.200" endtime="20220731 09:02:03.541"/>
</kw>
<status status="PASS" starttime="20220731 09:01:57.113" endtime="20220731 09:02:03.541"/>
</kw>
<kw name="Verify A New Account is Created" library="keywords">
<kw name="Element Should Be Visible" library="Selenium2Library">
<arg>${account_created_text}</arg>
<doc>Verifies that the element identified by ``locator`` is visible.</doc>
<msg timestamp="20220731 09:02:03.562" level="INFO">Element 'xpath = //*[contains(text(),'Account Created!')]' is displayed.</msg>
<status status="PASS" starttime="20220731 09:02:03.542" endtime="20220731 09:02:03.562"/>
</kw>
<kw name="Click Element" library="Selenium2Library">
<arg>${continue_button}</arg>
<doc>Click the element identified by ``locator``.</doc>
<msg timestamp="20220731 09:02:03.563" level="INFO">Clicking element 'xpath = //a[@data-qa = 'continue-button']'.</msg>
<status status="PASS" starttime="20220731 09:02:03.563" endtime="20220731 09:02:06.402"/>
</kw>
<kw name="Element Should Be Visible" library="Selenium2Library">
<arg>${logged_with_username_text}</arg>
<doc>Verifies that the element identified by ``locator`` is visible.</doc>
<msg timestamp="20220731 09:02:06.457" level="INFO">Element 'xpath = //*[contains(text(),'Logged in as')]' is displayed.</msg>
<status status="PASS" starttime="20220731 09:02:06.402" endtime="20220731 09:02:06.458"/>
</kw>
<status status="PASS" starttime="20220731 09:02:03.541" endtime="20220731 09:02:06.458"/>
</kw>
<kw name="Delete The Account" library="keywords">
<kw name="Click Element" library="Selenium2Library">
<arg>${delete_account_link}</arg>
<doc>Click the element identified by ``locator``.</doc>
<msg timestamp="20220731 09:02:06.459" level="INFO">Clicking element 'xpath = //a[@href = '/delete_account']'.</msg>
<status status="PASS" starttime="20220731 09:02:06.459" endtime="20220731 09:02:07.597"/>
</kw>
<status status="PASS" starttime="20220731 09:02:06.458" endtime="20220731 09:02:07.597"/>
</kw>
<status status="PASS" starttime="20220731 09:01:47.705" endtime="20220731 09:02:07.598"/>
</test>
<kw name="Close Browser" library="Selenium2Library" type="TEARDOWN">
<doc>Closes the current browser.</doc>
<status status="PASS" starttime="20220731 09:02:07.598" endtime="20220731 09:02:07.684"/>
</kw>
<status status="PASS" starttime="20220731 09:01:41.715" endtime="20220731 09:02:07.684"/>
</suite>
<status status="PASS" starttime="20220731 09:01:41.714" endtime="20220731 09:02:07.685"/>
</suite>
<status status="PASS" starttime="20220731 09:01:41.713" endtime="20220731 09:02:07.686"/>
</suite>
<status status="PASS" starttime="20220731 09:01:41.701" endtime="20220731 09:02:07.686"/>
</suite>
<statistics>
<total>
<stat pass="1" fail="0" skip="0">All Tests</stat>
</total>
<tag>
</tag>
<suite>
<stat pass="1" fail="0" skip="0" id="s1" name="UI Testing Robot framework">UI Testing Robot framework</stat>
<stat pass="1" fail="0" skip="0" id="s1-s1" name="Test Cases">UI Testing Robot framework.Test Cases</stat>
<stat pass="1" fail="0" skip="0" id="s1-s1-s1" name="Test Case 1">UI Testing Robot framework.Test Cases.Test Case 1</stat>
<stat pass="1" fail="0" skip="0" id="s1-s1-s1-s1" name="Test Case1">UI Testing Robot framework.Test Cases.Test Case 1.Test Case1</stat>
</suite>
</statistics>
<errors>
</errors>
</robot>
